<?xml version="1.0" encoding="UTF-8"?>
<!-- Generated by org.testng.reporters.JUnitReportReporter -->
<testsuite hostname="DESKTOP-OFA3VR4" failures="0" tests="1" name="test.LoginTest" time="41.784" errors="0" timestamp="2025-10-22T16:54:19 IST" skipped="0">
  <testcase classname="test.LoginTest" name="testCreateAdminUser" time="41.784"/>
</testsuite> <!-- test.LoginTest -->
